Determining if the pthread_create exist failed with the following output:
Change Dir: /home/blasin/programming/BS_Engine_Package_Server/build/CMakeFiles/CMakeTmp

Run Build Command:"/usr/bin/make" "cmTC_fe429/fast"
/usr/bin/make -f CMakeFiles/cmTC_fe429.dir/build.make CMakeFiles/cmTC_fe429.dir/build
make[1]: Entering directory '/home/blasin/programming/BS_Engine_Package_Server/build/CMakeFiles/CMakeTmp'
Building CXX object CMakeFiles/cmTC_fe429.dir/CheckSymbolExists.cxx.o
/usr/bin/c++    -std=c++1z -o CMakeFiles/cmTC_fe429.dir/CheckSymbolExists.cxx.o -c /home/blasin/programming/BS_Engine_Package_Server/build/CMakeFiles/CMakeTmp/CheckSymbolExists.cxx
Linking CXX executable cmTC_fe429
/usr/bin/cmake -E cmake_link_script CMakeFiles/cmTC_fe429.dir/link.txt --verbose=1
/usr/bin/c++       CMakeFiles/cmTC_fe429.dir/CheckSymbolExists.cxx.o  -o cmTC_fe429 
CMakeFiles/cmTC_fe429.dir/CheckSymbolExists.cxx.o: In function `main':
CheckSymbolExists.cxx:(.text+0x1b): undefined reference to `pthread_create'
collect2: error: ld returned 1 exit status
CMakeFiles/cmTC_fe429.dir/build.make:97: recipe for target 'cmTC_fe429' failed
make[1]: *** [cmTC_fe429] Error 1
make[1]: Leaving directory '/home/blasin/programming/BS_Engine_Package_Server/build/CMakeFiles/CMakeTmp'
Makefile:126: recipe for target 'cmTC_fe429/fast' failed
make: *** [cmTC_fe429/fast] Error 2

File /home/blasin/programming/BS_Engine_Package_Server/build/CMakeFiles/CMakeTmp/CheckSymbolExists.cxx:
/* */
#include <pthread.h>

int main(int argc, char** argv)
{
  (void)argv;
#ifndef pthread_create
  return ((int*)(&pthread_create))[argc];
#else
  (void)argc;
  return 0;
#endif
}

Determining if the function pthread_create exists in the pthreads failed with the following output:
Change Dir: /home/blasin/programming/BS_Engine_Package_Server/build/CMakeFiles/CMakeTmp

Run Build Command:"/usr/bin/make" "cmTC_0d100/fast"
/usr/bin/make -f CMakeFiles/cmTC_0d100.dir/build.make CMakeFiles/cmTC_0d100.dir/build
make[1]: Entering directory '/home/blasin/programming/BS_Engine_Package_Server/build/CMakeFiles/CMakeTmp'
Building CXX object CMakeFiles/cmTC_0d100.dir/CheckFunctionExists.cxx.o
/usr/bin/c++    -DCHECK_FUNCTION_EXISTS=pthread_create   -std=c++1z -o CMakeFiles/cmTC_0d100.dir/CheckFunctionExists.cxx.o -c /home/blasin/programming/BS_Engine_Package_Server/build/CMakeFiles/CheckLibraryExists/CheckFunctionExists.cxx
Linking CXX executable cmTC_0d100
/usr/bin/cmake -E cmake_link_script CMakeFiles/cmTC_0d100.dir/link.txt --verbose=1
/usr/bin/c++   -DCHECK_FUNCTION_EXISTS=pthread_create    CMakeFiles/cmTC_0d100.dir/CheckFunctionExists.cxx.o  -o cmTC_0d100 -lpthreads 
/usr/bin/ld: cannot find -lpthreads
collect2: error: ld returned 1 exit status
CMakeFiles/cmTC_0d100.dir/build.make:97: recipe for target 'cmTC_0d100' failed
make[1]: *** [cmTC_0d100] Error 1
make[1]: Leaving directory '/home/blasin/programming/BS_Engine_Package_Server/build/CMakeFiles/CMakeTmp'
Makefile:126: recipe for target 'cmTC_0d100/fast' failed
make: *** [cmTC_0d100/fast] Error 2


